  B2022.cpp
  predefine.cpp
D:\Myschool\graduate_school\02Graduate\Research\My paper\2_Papers\005_MHCDMC_Rounding\MHCDMC_Rounding_Experiment\Algorithm\predefine.cpp(225,18): warning C4101: “end_”: 未引用的局部变量
D:\Myschool\graduate_school\02Graduate\Research\My paper\2_Papers\005_MHCDMC_Rounding\MHCDMC_Rounding_Experiment\Algorithm\predefine.cpp(471,16): warning C4244: “=”: 从“IloNum”转换到“int”，可能丢失数据
D:\Myschool\graduate_school\02Graduate\Research\My paper\2_Papers\005_MHCDMC_Rounding\MHCDMC_Rounding_Experiment\Algorithm\predefine.cpp(476,20): warning C4244: “=”: 从“IloNum”转换到“int”，可能丢失数据
D:\Myschool\graduate_school\02Graduate\Research\My paper\2_Papers\005_MHCDMC_Rounding\MHCDMC_Rounding_Experiment\Algorithm\predefine.cpp(362,18): warning C4101: “end_”: 未引用的局部变量
  正在生成代码...
B2022.obj : error LNK2019: 无法解析的外部符号 "public: __cdecl IloEnvI::~IloEnvI(void)" (??1IloEnvI@@QEAA@XZ)，函数 "public: void * __cdecl IloEnvI::`scalar deleting destructor'(unsigned int)" (??_GIloEnvI@@QEAAPEAXI@Z) 中引用了该符号
predefine.obj : error LNK2001: 无法解析的外部符号 "public: __cdecl IloEnvI::~IloEnvI(void)" (??1IloEnvI@@QEAA@XZ)
B2022.obj : error LNK2019: 无法解析的外部符号 "public: __cdecl IloEnv::IloEnv(void)" (??0IloEnv@@QEAA@XZ)，函数 "public: __cdecl Cover::Cover(void)" (??0Cover@@QEAA@XZ) 中引用了该符号
predefine.obj : error LNK2001: 无法解析的外部符号 "public: __cdecl IloQuietException::IloQuietException(class IloQuietException const &)" (??0IloQuietException@@QEAA@AEBV0@@Z)
predefine.obj : error LNK2019: 无法解析的外部符号 "public: __cdecl IloException::IloException(class IloException const &)" (??0IloException@@QEAA@AEBV0@@Z)，函数 "public: __cdecl IloEnvAllocationDisabled::IloEnvAllocationDisabled(class IloEnvAllocationDisabled const &)" (??0IloEnvAllocationDisabled@@QEAA@AEBV0@@Z) 中引用了该符号
predefine.obj : error LNK2001: 无法解析的外部符号 "public: virtual char const * __cdecl IloException::getMessage(void)const " (?getMessage@IloException@@UEBAPEBDXZ)
predefine.obj : error LNK2001: 无法解析的外部符号 "public: virtual void __cdecl IloException::print(class std::basic_ostream<char,struct std::char_traits<char> > &)const " (?print@IloException@@UEBAXAEAV?$basic_ostream@DU?$char_traits@D@std@@@std@@@Z)
predefine.obj : error LNK2001: 无法解析的外部符号 "public: virtual void __cdecl IloException::end(void)" (?end@IloException@@UEAAXXZ)
predefine.obj : error LNK2019: 无法解析的外部符号 "public: __cdecl IloMemoryException::IloMemoryException(void)" (??0IloMemoryException@@QEAA@XZ)，函数 "private: __int64 __cdecl IloMemory::getIndex(__int64)const " (?getIndex@IloMemory@@AEBA_J_J@Z) 中引用了该符号
predefine.obj : error LNK2019: 无法解析的外部符号 "public: virtual __cdecl IloMemoryException::~IloMemoryException(void)" (??1IloMemoryException@@UEAA@XZ)，函数 "public: virtual void * __cdecl IloMemoryException::`scalar deleting destructor'(unsigned int)" (??_GIloMemoryException@@UEAAPEAXI@Z) 中引用了该符号
predefine.obj : error LNK2019: 无法解析的外部符号 "public: void * __cdecl IloAllocationList::alloc(__int64)" (?alloc@IloAllocationList@@QEAAPEAX_J@Z)，函数 "public: void * __cdecl IloMemory::alloc(__int64)" (?alloc@IloMemory@@QEAAPEAX_J@Z) 中引用了该符号
predefine.obj : error LNK2019: 无法解析的外部符号 "public: struct IloFixedSizeAllocatorI::Cell * __cdecl IloFixedSizeAllocatorI::allocateBlock(class IloMemory *)" (?allocateBlock@IloFixedSizeAllocatorI@@QEAAPEAUCell@1@PEAVIloMemory@@@Z)，函数 "public: void * __cdecl IloFixedSizeAllocatorI::allocate(class IloMemory *)" (?allocate@IloFixedSizeAllocatorI@@QEAAPEAXPEAVIloMemory@@@Z) 中引用了该符号
predefine.obj : error LNK2019: 无法解析的外部符号 "public: __cdecl IloEnvAllocationDisabled::IloEnvAllocationDisabled(void)" (??0IloEnvAllocationDisabled@@QEAA@XZ)，函数 "public: void * __cdecl IloEnvI::alloc(unsigned __int64)const " (?alloc@IloEnvI@@QEBAPEAX_K@Z) 中引用了该符号
predefine.obj : error LNK2019: 无法解析的外部符号 "public: virtual __cdecl IloEnvAllocationDisabled::~IloEnvAllocationDisabled(void)" (??1IloEnvAllocationDisabled@@UEAA@XZ)，函数 "public: virtual void * __cdecl IloEnvAllocationDisabled::`scalar deleting destructor'(unsigned int)" (??_GIloEnvAllocationDisabled@@UEAAPEAXI@Z) 中引用了该符号
predefine.obj : error LNK2019: 无法解析的外部符号 "public: __cdecl IloEnvAllocatorThreadMismatch::IloEnvAllocatorThreadMismatch(void)" (??0IloEnvAllocatorThreadMismatch@@QEAA@XZ)，函数 "public: void * __cdecl IloEnvI::alloc(unsigned __int64)const " (?alloc@IloEnvI@@QEBAPEAX_K@Z) 中引用了该符号
predefine.obj : error LNK2019: 无法解析的外部符号 "public: virtual __cdecl IloEnvAllocatorThreadMismatch::~IloEnvAllocatorThreadMismatch(void)" (??1IloEnvAllocatorThreadMismatch@@UEAA@XZ)，函数 "public: virtual void * __cdecl IloEnvAllocatorThreadMismatch::`scalar deleting destructor'(unsigned int)" (??_GIloEnvAllocatorThreadMismatch@@UEAAPEAXI@Z) 中引用了该符号
predefine.obj : error LNK2019: 无法解析的外部符号 "public: __int64 __cdecl IloEnvI::matchesAllocatorThread(void)const " (?matchesAllocatorThread@IloEnvI@@QEBA_JXZ)，函数 "public: void * __cdecl IloEnvI::alloc(unsigned __int64)const " (?alloc@IloEnvI@@QEBAPEAX_K@Z) 中引用了该符号
predefine.obj : error LNK2019: 无法解析的外部符号 "public: static void __cdecl IloMemoryManagerObjectI::operator delete(void *,class IloGenAlloc const *)" (??3IloMemoryManagerObjectI@@SAXPEAXPEBVIloGenAlloc@@@Z)，函数 "int `public: __cdecl IloArray<class IloNumVarArray>::IloArray<class IloNumVarArray>(class IloEnv,__int64)'::`1'::dtor$0" (?dtor$0@?0???0?$IloArray@VIloNumVarArray@@@@QEAA@VIloEnv@@_J@Z@4HA) 中引用了该符号
predefine.obj : error LNK2019: 无法解析的外部符号 "public: __cdecl IloArrayI::IloArrayI(class IloGenAlloc *,__int64,__int64)" (??0IloArrayI@@QEAA@PEAVIloGenAlloc@@_J1@Z)，函数 "public: __cdecl IloArray<class IloNumVarArray>::IloArray<class IloNumVarArray>(class IloEnv,__int64)" (??0?$IloArray@VIloNumVarArray@@@@QEAA@VIloEnv@@_J@Z) 中引用了该符号
predefine.obj : error LNK2019: 无法解析的外部符号 "public: __cdecl IloNumArray::IloNumArray(class IloEnv,__int64)" (??0IloNumArray@@QEAA@VIloEnv@@_J@Z)，函数 "public: void __cdecl Cover::IP(void)" (?IP@Cover@@QEAAXXZ) 中引用了该符号
predefine.obj : error LNK2019: 无法解析的外部符号 "public: __cdecl IloExtractableArray::IloExtractableArray(class IloEnv,__int64)" (??0IloExtractableArray@@QEAA@VIloEnv@@_J@Z)，函数 "public: __cdecl IloNumExprArray::IloNumExprArray(class IloEnv,__int64)" (??0IloNumExprArray@@QEAA@VIloEnv@@_J@Z) 中引用了该符号
predefine.obj : error LNK2019: 无法解析的外部符号 "public: __int64 __cdecl IloAlgorithm::solve(void)const " (?solve@IloAlgorithm@@QEBA_JXZ)，函数 "public: __int64 __cdecl IloCplex::solve(void)" (?solve@IloCplex@@QEAA_JXZ) 中引用了该符号
predefine.obj : error LNK2019: 无法解析的外部符号 "public: double __cdecl IloAlgorithm::getObjValue(void)const " (?getObjValue@IloAlgorithm@@QEBANXZ)，函数 "public: void __cdecl Cover::IP(void)" (?IP@Cover@@QEAAXXZ) 中引用了该符号
predefine.obj : error LNK2019: 无法解析的外部符号 "public: void __cdecl IloAlgorithm::getValues(class IloNumVarArray,class IloNumArray)const " (?getValues@IloAlgorithm@@QEBAXVIloNumVarArray@@VIloNumArray@@@Z)，函数 "public: void __cdecl IloCplex::getValues(class IloNumArray,class IloNumVarArray)const " (?getValues@IloCplex@@QEBAXVIloNumArray@@VIloNumVarArray@@@Z) 中引用了该符号
predefine.obj : error LNK2019: 无法解析的外部符号 "public: __cdecl IloNumVar::IloNumVar(class IloEnv,double,double,enum IloNumVar::Type,char const *)" (??0IloNumVar@@QEAA@VIloEnv@@NNW4Type@0@PEBD@Z)，函数 "public: void __cdecl Cover::IP(void)" (?IP@Cover@@QEAAXXZ) 中引用了该符号
predefine.obj : error LNK2019: 无法解析的外部符号 "public: __cdecl IloExpr::IloExpr(class IloNumExprArg)" (??0IloExpr@@QEAA@VIloNumExprArg@@@Z)，函数 "public: void __cdecl Cover::IP(void)" (?IP@Cover@@QEAAXXZ) 中引用了该符号
predefine.obj : error LNK2019: 无法解析的外部符号 "public: __cdecl IloExpr::IloExpr(class IloEnv,double)" (??0IloExpr@@QEAA@VIloEnv@@N@Z)，函数 "public: void __cdecl Cover::IP(void)" (?IP@Cover@@QEAAXXZ) 中引用了该符号
predefine.obj : error LNK2019: 无法解析的外部符号 "public: void __cdecl IloExpr::clear(void)" (?clear@IloExpr@@QEAAXXZ)，函数 "public: void __cdecl Cover::IP(void)" (?IP@Cover@@QEAAXXZ) 中引用了该符号
predefine.obj : error LNK2019: 无法解析的外部符号 "public: class IloExpr & __cdecl IloExpr::operator+=(class IloNumVar)" (??YIloExpr@@QEAAAEAV0@VIloNumVar@@@Z)，函数 "public: void __cdecl Cover::IP(void)" (?IP@Cover@@QEAAXXZ) 中引用了该符号
predefine.obj : error LNK2019: 无法解析的外部符号 "public: class IloExpr & __cdecl IloExpr::operator+=(class IloNumLinExprTerm)" (??YIloExpr@@QEAAAEAV0@VIloNumLinExprTerm@@@Z)，函数 "public: void __cdecl Cover::IP(void)" (?IP@Cover@@QEAAXXZ) 中引用了该符号
predefine.obj : error LNK2019: 无法解析的外部符号 "public: class IloExpr & __cdecl IloExpr::operator-=(class IloNumLinExprTerm)" (??ZIloExpr@@QEAAAEAV0@VIloNumLinExprTerm@@@Z)，函数 "public: void __cdecl Cover::IP(void)" (?IP@Cover@@QEAAXXZ) 中引用了该符号
predefine.obj : error LNK2019: 无法解析的外部符号 "class IloNumLinExprTerm __cdecl operator*(class IloNumVar,int)" (??D@YA?AVIloNumLinExprTerm@@VIloNumVar@@H@Z)，函数 "public: void __cdecl Cover::IP(void)" (?IP@Cover@@QEAAXXZ) 中引用了该符号
predefine.obj : error LNK2019: 无法解析的外部符号 "class IloNumExprArg __cdecl operator-(class IloNumExprArg,class IloNumExprArg)" (??G@YA?AVIloNumExprArg@@V0@0@Z)，函数 "public: void __cdecl Cover::IP(void)" (?IP@Cover@@QEAAXXZ) 中引用了该符号
predefine.obj : error LNK2019: 无法解析的外部符号 "class IloRange __cdecl operator==(class IloNumExprArg,double)" (??8@YA?AVIloRange@@VIloNumExprArg@@N@Z)，函数 "public: void __cdecl Cover::IP(void)" (?IP@Cover@@QEAAXXZ) 中引用了该符号
predefine.obj : error LNK2019: 无法解析的外部符号 "class IloRange __cdecl operator<=(class IloNumExprArg,double)" (??N@YA?AVIloRange@@VIloNumExprArg@@N@Z)，函数 "class IloRange __cdecl operator<=(class IloNumExprArg,int)" (??N@YA?AVIloRange@@VIloNumExprArg@@H@Z) 中引用了该符号
predefine.obj : error LNK2019: 无法解析的外部符号 "public: __cdecl IloObjectiveI::IloObjectiveI(class IloEnvI *,class IloNumExprI *,enum IloObjective::Sense,char const *)" (??0IloObjectiveI@@QEAA@PEAVIloEnvI@@PEAVIloNumExprI@@W4Sense@IloObjective@@PEBD@Z)，函数 "public: __cdecl IloObjective::IloObjective(class IloEnv,class IloNumExprArg,enum IloObjective::Sense,char const *)" (??0IloObjective@@QEAA@VIloEnv@@VIloNumExprArg@@W4Sense@0@PEBD@Z) 中引用了该符号
predefine.obj : error LNK2019: 无法解析的外部符号 "public: __cdecl IloModel::IloModel(class IloEnv,char const *)" (??0IloModel@@QEAA@VIloEnv@@PEBD@Z)，函数 "public: void __cdecl Cover::IP(void)" (?IP@Cover@@QEAAXXZ) 中引用了该符号
predefine.obj : error LNK2019: 无法解析的外部符号 "public: class IloExtractable __cdecl IloModel::add(class IloExtractable)const " (?add@IloModel@@QEBA?AVIloExtractable@@V2@@Z)，函数 "public: void __cdecl Cover::IP(void)" (?IP@Cover@@QEAAXXZ) 中引用了该符号
predefine.obj : error LNK2019: 无法解析的外部符号 "public: __cdecl IloCplex::IloCplex(class IloModel)" (??0IloCplex@@QEAA@VIloModel@@@Z)，函数 "public: void __cdecl Cover::IP(void)" (?IP@Cover@@QEAAXXZ) 中引用了该符号
D:\Myschool\graduate_school\02Graduate\Research\My paper\2_Papers\005_MHCDMC_Rounding\MHCDMC_Rounding_Experiment\Algorithm\x64\Debug\Algorithm.exe : fatal error LNK1120: 38 个无法解析的外部命令
