\BOOKMARK [1][-]{section.1}{\376\377\000I\000n\000t\000r\000o\000d\000u\000c\000t\000i\000o\000n}{}% 1
\BOOKMARK [1][-]{section.2}{\376\377\000R\000e\000l\000a\000t\000e\000d\000\040\000w\000o\000r\000k}{}% 2
\BOOKMARK [1][-]{section.3}{\376\377\000S\000y\000s\000t\000e\000m\000\040\000m\000o\000d\000e\000l}{}% 3
\BOOKMARK [2][-]{subsection.3.1}{\376\377\000N\000e\000t\000w\000o\000r\000k\000\040\000m\000o\000d\000e\000l}{section.3}% 4
\BOOKMARK [1][-]{section.4}{\376\377\000G\000r\000i\000d\000-\000b\000a\000s\000e\000d\000\040\000t\000h\000r\000e\000e\000-\000s\000t\000e\000p\000\040\000r\000o\000u\000n\000d\000i\000n\000g\000\040\000a\000p\000p\000r\000o\000x\000i\000m\000a\000t\000i\000o\000n\000\040\000a\000l\000g\000o\000r\000i\000t\000h\000m}{}% 5
\BOOKMARK [2][-]{subsection.4.1}{\376\377\000D\000e\000t\000e\000r\000m\000i\000n\000i\000n\000g\000\040\000S\000u\000p\000e\000r\000i\000o\000r\000\040\000a\000n\000d\000\040\000I\000n\000f\000e\000r\000i\000o\000r\000\040\000S\000e\000r\000v\000e\000r\000s}{section.4}% 6
\BOOKMARK [2][-]{subsection.4.2}{\376\377\000C\000l\000u\000s\000t\000e\000r\000i\000n\000g\000\040\000o\000f\000\040\000S\000e\000r\000v\000e\000r\000s}{section.4}% 7
\BOOKMARK [2][-]{subsection.4.3}{\376\377\000S\000e\000l\000e\000c\000t\000i\000n\000g\000\040\000t\000h\000e\000\040\000F\000i\000n\000a\000l\000\040\000S\000e\000r\000v\000e\000r\000s}{section.4}% 8
\BOOKMARK [2][-]{subsection.4.4}{\376\377\000A\000n\000a\000l\000y\000s\000i\000s\000\040\000o\000f\000\040\000t\000h\000e\000\040\000A\000p\000p\000r\000o\000x\000i\000m\000a\000t\000i\000o\000n\000\040\000R\000a\000t\000i\000o}{section.4}% 9
\BOOKMARK [1][-]{section.5}{\376\377\000P\000r\000e\000-\000s\000e\000t\000\040\000l\000o\000c\000a\000t\000i\000o\000n\000\040\000g\000e\000n\000e\000r\000a\000t\000i\000o\000n\000\040\000a\000l\000g\000o\000r\000i\000t\000h\000m}{}% 10
\BOOKMARK [2][-]{subsection.5.1}{\376\377\000B\000a\000r\000y\000c\000e\000n\000t\000e\000r\000-\000b\000a\000s\000e\000d\000\040\000h\000i\000e\000r\000a\000r\000c\000h\000i\000c\000a\000l\000\040\000p\000r\000e\000-\000s\000e\000t\000\040\000l\000o\000c\000a\000t\000i\000o\000n\000\040\000g\000e\000n\000e\000r\000a\000t\000i\000o\000n\000\040\000a\000l\000g\000o\000r\000i\000t\000h\000m}{section.5}% 11
\BOOKMARK [2][-]{subsection.5.2}{\376\377\000N\000e\000i\000g\000h\000b\000o\000r\000h\000o\000o\000d\000s\000\040\000p\000r\000e\000-\000s\000e\000t\000\040\000l\000o\000c\000a\000t\000i\000o\000n\000\040\000g\000e\000n\000e\000r\000a\000t\000i\000o\000n\000\040\000a\000l\000g\000o\000r\000i\000t\000h\000m}{section.5}% 12
\BOOKMARK [1][-]{section.6}{\376\377\000E\000x\000p\000e\000r\000i\000m\000e\000n\000t\000a\000l\000\040\000R\000e\000s\000u\000l\000t\000s}{}% 13
\BOOKMARK [1][-]{section.7}{\376\377\000C\000o\000n\000c\000l\000u\000s\000i\000o\000n\000\040\000a\000n\000d\000\040\000f\000u\000t\000u\000r\000e\000\040\000w\000o\000r\000k}{}% 14
\BOOKMARK [1][-]{section*.26}{\376\377\000R\000e\000f\000e\000r\000e\000n\000c\000e\000s}{}% 15
\BOOKMARK [1][-]{IEEEbiography.0}{\376\377\000B\000i\000o\000g\000r\000a\000p\000h\000i\000e\000s}{}% 16
\BOOKMARK [2][-]{IEEEbiography.1}{\376\377\000Q\000i\000n\000g\000h\000u\000i\000\040\000Z\000h\000a\000n\000g}{IEEEbiography.0}% 17
\BOOKMARK [2][-]{IEEEbiography.2}{\376\377\000W\000e\000i\000d\000o\000n\000g\000\040\000L\000i}{IEEEbiography.0}% 18
\BOOKMARK [2][-]{IEEEbiography.3}{\376\377\000Q\000i\000a\000n\000\040\000S\000u}{IEEEbiography.0}% 19
\BOOKMARK [2][-]{IEEEbiography.4}{\376\377\000X\000u\000e\000j\000i\000e\000\040\000Z\000h\000a\000n\000g}{IEEEbiography.0}% 20
